<?xml version="1.0" encoding="UTF-8"?>
<!-- Generated by org.testng.reporters.JUnitReportReporter -->
<testsuite hostname="Shaik_Enna" failures="0" tests="2" name="API.Test.UserTest" time="10.583" errors="0" timestamp="2025-08-15T19:43:42 IST" skipped="0">
  <testcase classname="API.Test.UserTest" name="TestCreateUser" time="5.654"/>
  <testcase classname="API.Test.UserTest" name="GetUserByName" time="4.929"/>
</testsuite> <!-- API.Test.UserTest -->
